{"C:\\Dev\\local\\spfx-lab\\spfx-tests-sp2019\\src\\services\\MockItems.ts": {"path":"C:\\Dev\\local\\spfx-lab\\spfx-tests-sp2019\\src\\services\\MockItems.ts","statementMap":{"0":{"start":{"line":3,"column":0},"end":{"line":3,"column":-1}},"1":{"start":{"line":5,"column":16},"end":{"line":3,"column":0}},"2":{"start":{"line":12,"column":0},"end":{"line":null,"column":-1}},"3":{"start":{"line":3,"column":13},"end":{"line":null,"column":-1}}},"fnMap":{"0":{"name":"(anonymous_0)","decl":{"start":{"line":3,"column":0},"end":{"line":3,"column":-1}},"loc":{"start":{"line":3,"column":0},"end":{"line":3,"column":-1}}}},"branchMap":{},"s":{"0":1,"1":1,"2":1,"3":1},"f":{"0":1},"b":{}}
,"C:\\Dev\\local\\spfx-lab\\spfx-tests-sp2019\\src\\webparts\\itemsBrowser\\components\\ItemsBrowser.tsx": {"path":"C:\\Dev\\local\\spfx-lab\\spfx-tests-sp2019\\src\\webparts\\itemsBrowser\\components\\ItemsBrowser.tsx","statementMap":{"0":{"start":{"line":1,"column":0},"end":{"line":1,"column":-1}},"1":{"start":{"line":2,"column":0},"end":{"line":2,"column":-1}},"2":{"start":{"line":9,"column":0},"end":{"line":9,"column":-1}},"3":{"start":{"line":14,"column":0},"end":{"line":14,"column":-1}},"4":{"start":{"line":14,"column":42},"end":{"line":null,"column":-1}},"5":{"start":{"line":33,"column":2},"end":{"line":34,"column":3}},"6":{"start":{"line":43,"column":9},"end":{"line":14,"column":0}},"7":{"start":{"line":43,"column":2},"end":{"line":43,"column":1}},"8":{"start":{"line":44,"column":4},"end":{"line":null,"column":-1}},"9":{"start":{"line":50,"column":124},"end":{"line":50,"column":137}},"10":{"start":{"line":54,"column":38},"end":{"line":54,"column":43}},"11":{"start":{"line":62,"column":18},"end":{"line":63,"column":40}},"12":{"start":{"line":81,"column":9},"end":{"line":14,"column":0}},"13":{"start":{"line":82,"column":4},"end":{"line":null,"column":-1}},"14":{"start":{"line":84,"column":0},"end":{"line":null,"column":-1}}},"fnMap":{"0":{"name":"(anonymous_5)","decl":{"start":{"line":14,"column":0},"end":{"line":14,"column":-1}},"loc":{"start":{"line":14,"column":0},"end":{"line":14,"column":-1}}},"1":{"name":"ItemsBrowser","decl":{"start":{"line":33,"column":2},"end":{"line":33,"column":1}},"loc":{"start":{"line":33,"column":39},"end":{"line":14,"column":0}}},"2":{"name":"(anonymous_7)","decl":{"start":{"line":43,"column":2},"end":{"line":43,"column":1}},"loc":{"start":{"line":43,"column":2},"end":{"line":43,"column":9}}},"3":{"name":"(anonymous_8)","decl":{"start":{"line":50,"column":124},"end":{"line":50,"column":131}},"loc":{"start":{"line":50,"column":124},"end":{"line":50,"column":137}}},"4":{"name":"(anonymous_9)","decl":{"start":{"line":54,"column":38},"end":{"line":54,"column":43}},"loc":{"start":{"line":54,"column":38},"end":{"line":54,"column":43}}},"5":{"name":"(anonymous_10)","decl":{"start":{"line":61,"column":31},"end":{"line":61,"column":30}},"loc":{"start":{"line":52,"column":28},"end":{"line":63,"column":40}}},"6":{"name":"(anonymous_11)","decl":{"start":{"line":81,"column":2},"end":{"line":81,"column":30}},"loc":{"start":{"line":81,"column":40},"end":{"line":81,"column":9}}}},"branchMap":{"0":{"loc":{"start":{"line":33,"column":2},"end":{"line":34,"column":3}},"type":"binary-expr","locations":[{"start":{"line":33,"column":2},"end":{"line":34,"column":3}},{"start":{"line":33,"column":2},"end":{"line":34,"column":3}}]}},"s":{"0":1,"1":1,"2":1,"3":1,"4":1,"5":2,"6":1,"7":3,"8":3,"9":1,"10":6,"11":0,"12":1,"13":0,"14":1},"f":{"0":1,"1":2,"2":3,"3":1,"4":6,"5":0,"6":0},"b":{"0":[2,2]}}
}
