TN:
SF:C:\Dev\local\spfx-lab\spfx-tests-sp2019\src\services\MockItems.ts
FN:3,(anonymous_0)
FNF:1
FNH:1
FNDA:1,(anonymous_0)
DA:3,1
DA:5,1
DA:12,1
LF:3
LH:3
BRF:0
BRH:0
end_of_record
TN:
SF:C:\Dev\local\spfx-lab\spfx-tests-sp2019\src\webparts\itemsBrowser\components\ItemsBrowser.tsx
FN:14,(anonymous_5)
FN:33,ItemsBrowser
FN:43,(anonymous_7)
FN:50,(anonymous_8)
FN:54,(anonymous_9)
FN:61,(anonymous_10)
FN:81,(anonymous_11)
FNF:7
FNH:5
FNDA:1,(anonymous_5)
FNDA:2,ItemsBrowser
FNDA:3,(anonymous_7)
FNDA:1,(anonymous_8)
FNDA:6,(anonymous_9)
FNDA:0,(anonymous_10)
FNDA:0,(anonymous_11)
DA:1,1
DA:2,1
DA:9,1
DA:14,1
DA:33,2
DA:43,3
DA:44,3
DA:50,1
DA:54,6
DA:62,0
DA:81,1
DA:82,0
DA:84,1
LF:13
LH:11
BRDA:33,0,0,2
BRDA:33,0,1,2
BRF:2
BRH:2
end_of_record
