<testsuites name="jest tests" tests="2" failures="0" time="4.205">
  <testsuite name="ItemsBrowser component" errors="0" failures="0" skipped="0" timestamp="2019-05-11T19:26:12" time="4.205" tests="2">
    <testcase classname="ItemsBrowser component should render the title" name="ItemsBrowser component should render the title" time="0.161">
    </testcase>
    <testcase classname="ItemsBrowser component should set textbox to the deselected value after clicking on deselect" name="ItemsBrowser component should set textbox to the deselected value after clicking on deselect" time="0.132">
    </testcase>
  </testsuite>
</testsuites>